Using pre-set license
Built from '2021.2/staging' branch; Version is '2021.2.1f1 (c20c6d589440) revision 12717165'; Using compiler version '192829333'; Build Type 'Release'
OS: 'Windows 10 Home; OS build 19042.1288; Version 2009; 64bit' Language: 'es' Physical Memory: 16235 MB
BatchMode: 1, IsHumanControllingUs: 0, StartBugReporterOnCrash: 0, Is64bit: 1, IsPro: 0

COMMAND LINE ARGUMENTS:
C:\Program Files\Unity\Hub\Editor\2021.2.1f1\Editor\Unity.exe
-adb2
-batchMode
-noUpm
-name
AssetImportWorker0
-projectPath
C:/Users/pzhan/Desktop/GameDev1_DJ-Please
-logFile
Logs/AssetImportWorker0.log
-srvPort
63333
Successfully changed project path to: C:/Users/pzhan/Desktop/GameDev1_DJ-Please
C:/Users/pzhan/Desktop/GameDev1_DJ-Please
[UnityMemory] Configuration Parameters - Can be set up in boot.config
    "memorysetup-bucket-allocator-granularity=16"
    "memorysetup-bucket-allocator-bucket-count=8"
    "memorysetup-bucket-allocator-block-size=33554432"
    "memorysetup-bucket-allocator-block-count=8"
    "memorysetup-main-allocator-block-size=16777216"
    "memorysetup-thread-allocator-block-size=16777216"
    "memorysetup-gfx-main-allocator-block-size=16777216"
    "memorysetup-gfx-thread-allocator-block-size=16777216"
    "memorysetup-cache-allocator-block-size=4194304"
    "memorysetup-typetree-allocator-block-size=2097152"
    "memorysetup-profiler-bucket-allocator-granularity=16"
    "memorysetup-profiler-bucket-allocator-bucket-count=8"
    "memorysetup-profiler-bucket-allocator-block-size=33554432"
    "memorysetup-profiler-bucket-allocator-block-count=8"
    "memorysetup-profiler-allocator-block-size=16777216"
    "memorysetup-profiler-editor-allocator-block-size=1048576"
    "memorysetup-temp-allocator-size-main=16777216"
    "memorysetup-job-temp-allocator-block-size=2097152"
    "memorysetup-job-temp-allocator-block-size-background=1048576"
    "memorysetup-job-temp-allocator-reduction-small-platforms=262144"
    "memorysetup-temp-allocator-size-background-worker=32768"
    "memorysetup-temp-allocator-size-job-worker=262144"
    "memorysetup-temp-allocator-size-preload-manager=33554432"
    "memorysetup-temp-allocator-size-nav-mesh-worker=65536"
    "memorysetup-temp-allocator-size-audio-worker=65536"
    "memorysetup-temp-allocator-size-cloud-worker=32768"
    "memorysetup-temp-allocator-size-gi-baking-worker=262144"
    "memorysetup-temp-allocator-size-gfx=262144"
Refreshing native plugins compatible for Editor in 114.44 ms, found 3 plugins.
Preloading 0 native plugins for Editor in 0.00 ms.
Initialize engine version: 2021.2.1f1 (c20c6d589440)
[Subsystems] Discovering subsystems at path C:/Program Files/Unity/Hub/Editor/2021.2.1f1/Editor/Data/Resources/UnitySubsystems
[Subsystems] Discovering subsystems at path C:/Users/pzhan/Desktop/GameDev1_DJ-Please/Assets
GfxDevice: creating device client; threaded=0; jobified=0
Direct3D:
    Version:  Direct3D 11.0 [level 11.1]
    Renderer: NVIDIA GeForce GTX 1050 (ID=0x1c8d)
    Vendor:   NVIDIA
    VRAM:     4021 MB
    Driver:   26.21.14.4270
Initialize mono
Mono path[0] = 'C:/Program Files/Unity/Hub/Editor/2021.2.1f1/Editor/Data/Managed'
Mono path[1] = 'C:/Program Files/Unity/Hub/Editor/2021.2.1f1/Editor/Data/MonoBleedingEdge/lib/mono/unityjit-win32'
Mono config path = 'C:/Program Files/Unity/Hub/Editor/2021.2.1f1/Editor/Data/MonoBleedingEdge/etc'
Using monoOptions --debugger-agent=transport=dt_socket,embedding=1,server=y,suspend=n,address=127.0.0.1:56032
Begin MonoManager ReloadAssembly
Registering precompiled unity dll's ...
Register platform support module: C:/Program Files/Unity/Hub/Editor/2021.2.1f1/Editor/Data/PlaybackEngines/WindowsStandaloneSupport/UnityEditor.WindowsStandalone.Extensions.dll
Registered in 0.012672 seconds.
Native extension for WindowsStandalone target not found
Refreshing native plugins compatible for Editor in 127.20 ms, found 3 plugins.
Preloading 0 native plugins for Editor in 0.00 ms.
Mono: successfully reloaded assembly
- Completed reload, in  1.570 seconds
Domain Reload Profiling:
	ReloadAssembly (1571ms)
		BeginReloadAssembly (119ms)
			ExecutionOrderSort (0ms)
			DisableScriptedObjects (0ms)
			BackupInstance (0ms)
			ReleaseScriptingObjects (0ms)
			CreateAndSetChildDomain (1ms)
		EndReloadAssembly (706ms)
			LoadAssemblies (115ms)
			RebuildTransferFunctionScriptingTraits (0ms)
			SetupTypeCache (163ms)
			ReleaseScriptCaches (0ms)
			RebuildScriptCaches (43ms)
			SetupLoadedEditorAssemblies (426ms)
				LogAssemblyErrors (0ms)
				InitializePlatformSupportModulesInManaged (11ms)
				SetLoadedEditorAssemblies (0ms)
				RefreshPlugins (127ms)
				BeforeProcessingInitializeOnLoad (2ms)
				ProcessInitializeOnLoadAttributes (209ms)
				ProcessInitializeOnLoadMethodAttributes (76ms)
				AfterProcessingInitializeOnLoad (0ms)
				EditorAssembliesLoaded (0ms)
			ExecutionOrderSort2 (0ms)
			AwakeInstancesAfterBackupRestoration (0ms)
Platform modules already initialized, skipping
Registering precompiled user dll's ...
Registered in 0.009303 seconds.
Begin MonoManager ReloadAssembly
Symbol file LoadedFromMemory doesn't match image C:\Users\pzhan\Desktop\GameDev1_DJ-Please\Library\PackageCache\com.unity.visualscripting@1.7.2\Editor\VisualScripting.Core\Dependencies\YamlDotNet\Unity.VisualScripting.YamlDotNet.dll
Symbol file LoadedFromMemory doesn't match image C:\Users\pzhan\Desktop\GameDev1_DJ-Please\Library\PackageCache\com.unity.visualscripting@1.7.2\Editor\VisualScripting.Core\Dependencies\DotNetZip\Unity.VisualScripting.IonicZip.dll
Native extension for WindowsStandalone target not found
Refreshing native plugins compatible for Editor in 0.71 ms, found 3 plugins.
Preloading 0 native plugins for Editor in 0.00 ms.
Mono: successfully reloaded assembly
- Completed reload, in  1.663 seconds
Domain Reload Profiling:
	ReloadAssembly (1664ms)
		BeginReloadAssembly (309ms)
			ExecutionOrderSort (0ms)
			DisableScriptedObjects (10ms)
			BackupInstance (0ms)
			ReleaseScriptingObjects (0ms)
			CreateAndSetChildDomain (27ms)
		EndReloadAssembly (1204ms)
			LoadAssemblies (106ms)
			RebuildTransferFunctionScriptingTraits (0ms)
			SetupTypeCache (335ms)
			ReleaseScriptCaches (1ms)
			RebuildScriptCaches (77ms)
			SetupLoadedEditorAssemblies (533ms)
				LogAssemblyErrors (0ms)
				InitializePlatformSupportModulesInManaged (18ms)
				SetLoadedEditorAssemblies (1ms)
				RefreshPlugins (1ms)
				BeforeProcessingInitializeOnLoad (116ms)
				ProcessInitializeOnLoadAttributes (345ms)
				ProcessInitializeOnLoadMethodAttributes (38ms)
				AfterProcessingInitializeOnLoad (14ms)
				EditorAssembliesLoaded (0ms)
			ExecutionOrderSort2 (0ms)
			AwakeInstancesAfterBackupRestoration (13ms)
Platform modules already initialized, skipping
========================================================================
Worker process is ready to serve import requests
Launched and connected shader compiler UnityShaderCompiler.exe after 0.11 seconds
Refreshing native plugins compatible for Editor in 1.42 ms, found 3 plugins.
Preloading 0 native plugins for Editor in 0.00 ms.
Unloading 3078 Unused Serialized files (Serialized files now loaded: 0)
Unloading 23 unused Assets / (55.4 KB). Loaded Objects now: 3537.
Memory consumption went from 112.0 MB to 111.9 MB.
Total: 4.475500 ms (FindLiveObjects: 0.316500 ms CreateObjectMapping: 0.247500 ms MarkObjects: 3.823700 ms  DeleteObjects: 0.086500 ms)

AssetImportParameters requested are different than current active one (requested -> active):
  custom:video-decoder-ogg-theora: a1e56fd34408186e4bbccfd4996cb3dc -> 
  custom:container-muxer-webm: aa71ff27fc2769a1b78a27578f13a17b -> 
  custom:container-demuxer-webm: 4f35f7cbe854078d1ac9338744f61a02 -> 
  custom:video-encoder-webm-vp8: eb34c28f22e8b96e1ab97ce403110664 -> 
  custom:video-codec-MediaFoundation-h265: 746d11721c4dcdbdad8f713fa42b33f4 -> 
  custom:audio-encoder-webm-vorbis: bf7c407c2cedff20999df2af8eb42d56 -> 
  custom:framework-win-MediaFoundation: 216162199b28c13a410421893ffa2e32 -> 
  custom:container-demuxer-ogg: 62fdf1f143b41e24485cea50d1cbac27 -> 
  custom:video-decoder-webm-vp8: 9c59270c3fd7afecdb556c50c9e8de78 -> 
  custom:audio-decoder-ogg-vorbis: bf7c407c2cedff20999df2af8eb42d56 -> 
========================================================================
Received Import Request.
  Time since last request: 2472.896935 seconds.
  path: Assets
  artifactKey: Guid(00000000000000001000000000000000) Importer(815301076,1909f56bfc062723c751e8b465ee728b)
Start importing Assets using Guid(00000000000000001000000000000000) Importer(815301076,1909f56bfc062723c751e8b465ee728b)  -> (artifact id: '79842766b460edbeab6a34051e857a80') in 0.013084 seconds 
========================================================================
Received Import Request.
  Time since last request: 128.934525 seconds.
  path: Assets/Sandbox 1 -
  artifactKey: Guid(6716fa1afc4312d429b1a3aba433bd50) Importer(815301076,1909f56bfc062723c751e8b465ee728b)
Start importing Assets/Sandbox 1 - using Guid(6716fa1afc4312d429b1a3aba433bd50) Importer(815301076,1909f56bfc062723c751e8b465ee728b)  -> (artifact id: '5be489f31b8e54b249692902416a8ec1') in 0.011720 seconds 
========================================================================
Received Import Request.
  Time since last request: 7.694077 seconds.
  path: Assets/Sandbox 1 - Player Controller
  artifactKey: Guid(6716fa1afc4312d429b1a3aba433bd50) Importer(815301076,1909f56bfc062723c751e8b465ee728b)
Start importing Assets/Sandbox 1 - Player Controller using Guid(6716fa1afc4312d429b1a3aba433bd50) Importer(815301076,1909f56bfc062723c751e8b465ee728b)  -> (artifact id: 'a2a52c3424e07448069e77a6ef3e16e8') in 0.013824 seconds 
========================================================================
Received Import Request.
  Time since last request: 16.189674 seconds.
  path: Assets/Sandbox 2 - Dynamic Music Map
  artifactKey: Guid(11f05dba322f1ab4581c0a9ae5226156) Importer(815301076,1909f56bfc062723c751e8b465ee728b)
Start importing Assets/Sandbox 2 - Dynamic Music Map using Guid(11f05dba322f1ab4581c0a9ae5226156) Importer(815301076,1909f56bfc062723c751e8b465ee728b)  -> (artifact id: '9abebd90d074f94ff6c15f62343f5fa8') in 0.011158 seconds 
========================================================================
Received Import Request.
  Time since last request: 35.622911 seconds.
  path: Assets/Sandbox 3 - World Map
  artifactKey: Guid(cf160788cc2575444931ca95dbab0b61) Importer(815301076,1909f56bfc062723c751e8b465ee728b)
Start importing Assets/Sandbox 3 - World Map using Guid(cf160788cc2575444931ca95dbab0b61) Importer(815301076,1909f56bfc062723c751e8b465ee728b)  -> (artifact id: 'd74880c8161a062cf5b4208d2f6112db') in 0.011582 seconds 
========================================================================
Received Import Request.
  Time since last request: 138.498556 seconds.
  path: Assets/Sandbox 3 - World Map/Scripts
  artifactKey: Guid(5bbbfa48db9497d43bcc56a621137a67) Importer(815301076,1909f56bfc062723c751e8b465ee728b)
Start importing Assets/Sandbox 3 - World Map/Scripts using Guid(5bbbfa48db9497d43bcc56a621137a67) Importer(815301076,1909f56bfc062723c751e8b465ee728b)  -> (artifact id: '5d921b7c8acd1722daae36d2c2cdc36f') in 0.009846 seconds 
========================================================================
Received Import Request.
  Time since last request: 4.837503 seconds.
  path: Assets/Sandbox 3 - World Map/Scenes
  artifactKey: Guid(74260e19b289e0f46b7dc23d6e443877) Importer(815301076,1909f56bfc062723c751e8b465ee728b)
Start importing Assets/Sandbox 3 - World Map/Scenes using Guid(74260e19b289e0f46b7dc23d6e443877) Importer(815301076,1909f56bfc062723c751e8b465ee728b)  -> (artifact id: '28c7f6433464750f0cedf09140d2c946') in 0.010733 seconds 
========================================================================
Received Import Request.
  Time since last request: 7.132301 seconds.
  path: Assets/Sandbox 2 - Dynamic Music Map/Scenes
  artifactKey: Guid(9283c3380eb40744ebd9ed492d718cb0) Importer(815301076,1909f56bfc062723c751e8b465ee728b)
Start importing Assets/Sandbox 2 - Dynamic Music Map/Scenes using Guid(9283c3380eb40744ebd9ed492d718cb0) Importer(815301076,1909f56bfc062723c751e8b465ee728b)  -> (artifact id: '2128ce2a4c0e9d535b6f8e4caad7c4a7') in 0.006796 seconds 
========================================================================
Received Import Request.
  Time since last request: 2.288046 seconds.
  path: Assets/Sandbox 1 - Player Controller/Scenes
  artifactKey: Guid(bf9cd51b4ff03234aba2f5b82f067aa1) Importer(815301076,1909f56bfc062723c751e8b465ee728b)
Start importing Assets/Sandbox 1 - Player Controller/Scenes using Guid(bf9cd51b4ff03234aba2f5b82f067aa1) Importer(815301076,1909f56bfc062723c751e8b465ee728b)  -> (artifact id: 'b23738d344e79d9533cfa38713a71918') in 0.006225 seconds 
========================================================================
Received Import Request.
  Time since last request: 16.407954 seconds.
  path: Assets/Scenes
  artifactKey: Guid(464c1ac221c383149b970dddbaeb7c65) Importer(815301076,1909f56bfc062723c751e8b465ee728b)
Start importing Assets/Scenes using Guid(464c1ac221c383149b970dddbaeb7c65) Importer(815301076,1909f56bfc062723c751e8b465ee728b)  -> (artifact id: 'ac989915c3741079286bdf1fb5587ac9') in 0.007215 seconds 
========================================================================
Received Import Request.
  Time since last request: 1.309624 seconds.
  path: Assets/Scenes/SampleScene.unity
  artifactKey: Guid(9fc0d4010bbf28b4594072e72b8655ab) Importer(815301076,1909f56bfc062723c751e8b465ee728b)
Start importing Assets/Scenes/SampleScene.unity using Guid(9fc0d4010bbf28b4594072e72b8655ab) Importer(815301076,1909f56bfc062723c751e8b465ee728b)  -> (artifact id: '3e2f30ed4b52b16edf683b820b0e1b0e') in 0.025694 seconds 
========================================================================
Received Import Request.
  Time since last request: 15.930666 seconds.
  path: Assets/Sandboxes
  artifactKey: Guid(2822baa2a7866424d9b9661cbf1d09e1) Importer(815301076,1909f56bfc062723c751e8b465ee728b)
Start importing Assets/Sandboxes using Guid(2822baa2a7866424d9b9661cbf1d09e1) Importer(815301076,1909f56bfc062723c751e8b465ee728b)  -> (artifact id: '5986539433f735b14a7480f3b0c8f534') in 0.010329 seconds 
