Using pre-set license
Built from '2020.3/staging' branch; Version is '2020.3.22f1 (e1a7f79fd887) revision 14788599'; Using compiler version '192528614'; Build Type 'Release'
OS: 'Windows 10 Pro; OS build 19042.985; Version 2009; 64bit' Language: 'en' Physical Memory: 16106 MB
BatchMode: 1, IsHumanControllingUs: 0, StartBugReporterOnCrash: 0, Is64bit: 1, IsPro: 0

COMMAND LINE ARGUMENTS:
C:\Program Files\Unity\Hub\Editor\2020.3.22f1\Editor\Unity.exe
-adb2
-batchMode
-noUpm
-name
AssetImportWorker0
-projectPath
C:/Users/Theephob Thiacharoen/Desktop/GameDev1_BeatHunt
-logFile
Logs/AssetImportWorker0.log
-srvPort
58635
Successfully changed project path to: C:/Users/Theephob Thiacharoen/Desktop/GameDev1_BeatHunt
C:/Users/Theephob Thiacharoen/Desktop/GameDev1_BeatHunt
Using Asset Import Pipeline V2.
Refreshing native plugins compatible for Editor in 99.58 ms, found 3 plugins.
Preloading 0 native plugins for Editor in 0.00 ms.
Initialize engine version: 2020.3.22f1 (e1a7f79fd887)
[Subsystems] Discovering subsystems at path C:/Program Files/Unity/Hub/Editor/2020.3.22f1/Editor/Data/Resources/UnitySubsystems
[Subsystems] Discovering subsystems at path C:/Users/Theephob Thiacharoen/Desktop/GameDev1_BeatHunt/Assets
GfxDevice: creating device client; threaded=0
Direct3D:
    Version:  Direct3D 11.0 [level 11.1]
    Renderer: Intel(R) Iris(R) Xe Graphics (ID=0x9a49)
    Vendor:   
    VRAM:     8053 MB
    Driver:   27.20.100.9565
Initialize mono
Mono path[0] = 'C:/Program Files/Unity/Hub/Editor/2020.3.22f1/Editor/Data/Managed'
Mono path[1] = 'C:/Program Files/Unity/Hub/Editor/2020.3.22f1/Editor/Data/MonoBleedingEdge/lib/mono/unityjit'
Mono config path = 'C:/Program Files/Unity/Hub/Editor/2020.3.22f1/Editor/Data/MonoBleedingEdge/etc'
Using monoOptions --debugger-agent=transport=dt_socket,embedding=1,server=y,suspend=n,address=127.0.0.1:56084
Begin MonoManager ReloadAssembly
Registering precompiled unity dll's ...
Register platform support module: C:/Program Files/Unity/Hub/Editor/2020.3.22f1/Editor/Data/PlaybackEngines/WebGLSupport/UnityEditor.WebGL.Extensions.dll
Register platform support module: C:/Program Files/Unity/Hub/Editor/2020.3.22f1/Editor/Data/PlaybackEngines/WindowsStandaloneSupport/UnityEditor.WindowsStandalone.Extensions.dll
Registered in 0.001601 seconds.
Native extension for WindowsStandalone target not found
Native extension for WebGL target not found
Refreshing native plugins compatible for Editor in 109.30 ms, found 3 plugins.
Preloading 0 native plugins for Editor in 0.00 ms.
Mono: successfully reloaded assembly
- Completed reload, in  1.332 seconds
Domain Reload Profiling:
	ReloadAssembly (1332ms)
		BeginReloadAssembly (53ms)
			ExecutionOrderSort (0ms)
			DisableScriptedObjects (0ms)
			BackupInstance (0ms)
			ReleaseScriptingObjects (0ms)
			CreateAndSetChildDomain (1ms)
		EndReloadAssembly (507ms)
			LoadAssemblies (52ms)
			RebuildTransferFunctionScriptingTraits (0ms)
			SetupTypeCache (132ms)
			ReleaseScriptCaches (0ms)
			RebuildScriptCaches (36ms)
			SetupLoadedEditorAssemblies (224ms)
				LogAssemblyErrors (0ms)
				InitializePlatformSupportModulesInManaged (5ms)
				SetLoadedEditorAssemblies (0ms)
				RefreshPlugins (109ms)
				BeforeProcessingInitializeOnLoad (8ms)
				ProcessInitializeOnLoadAttributes (65ms)
				ProcessInitializeOnLoadMethodAttributes (36ms)
				AfterProcessingInitializeOnLoad (0ms)
				EditorAssembliesLoaded (0ms)
			ExecutionOrderSort2 (0ms)
			AwakeInstancesAfterBackupRestoration (0ms)
Platform modules already initialized, skipping
Registering precompiled user dll's ...
Registered in 0.009317 seconds.
Begin MonoManager ReloadAssembly
Native extension for WindowsStandalone target not found
Native extension for WebGL target not found
Refreshing native plugins compatible for Editor in 1.19 ms, found 3 plugins.
Preloading 0 native plugins for Editor in 0.00 ms.
Mono: successfully reloaded assembly
- Completed reload, in  1.359 seconds
Domain Reload Profiling:
	ReloadAssembly (1359ms)
		BeginReloadAssembly (156ms)
			ExecutionOrderSort (0ms)
			DisableScriptedObjects (4ms)
			BackupInstance (0ms)
			ReleaseScriptingObjects (0ms)
			CreateAndSetChildDomain (24ms)
		EndReloadAssembly (1146ms)
			LoadAssemblies (104ms)
			RebuildTransferFunctionScriptingTraits (0ms)
			SetupTypeCache (373ms)
			ReleaseScriptCaches (1ms)
			RebuildScriptCaches (98ms)
			SetupLoadedEditorAssemblies (437ms)
				LogAssemblyErrors (0ms)
				InitializePlatformSupportModulesInManaged (11ms)
				SetLoadedEditorAssemblies (1ms)
				RefreshPlugins (1ms)
				BeforeProcessingInitializeOnLoad (102ms)
				ProcessInitializeOnLoadAttributes (307ms)
				ProcessInitializeOnLoadMethodAttributes (9ms)
				AfterProcessingInitializeOnLoad (5ms)
				EditorAssembliesLoaded (0ms)
			ExecutionOrderSort2 (0ms)
			AwakeInstancesAfterBackupRestoration (6ms)
Platform modules already initialized, skipping
========================================================================
Worker process is ready to serve import requests
Launched and connected shader compiler UnityShaderCompiler.exe after 0.05 seconds
Refreshing native plugins compatible for Editor in 0.63 ms, found 3 plugins.
Preloading 0 native plugins for Editor in 0.00 ms.
Unloading 3081 Unused Serialized files (Serialized files now loaded: 0)
System memory in use before: 109.8 MB.
System memory in use after: 110.0 MB.

Unloading 23 unused Assets to reduce memory usage. Loaded Objects now: 3510.
Total: 3.348100 ms (FindLiveObjects: 0.201200 ms CreateObjectMapping: 0.078400 ms MarkObjects: 2.903200 ms  DeleteObjects: 0.163800 ms)

AssetImportParameters requested are different than current active one (requested -> active):
  custom:framework-win-MediaFoundation: 216162199b28c13a410421893ffa2e32 -> 
  custom:video-decoder-ogg-theora: a1e56fd34408186e4bbccfd4996cb3dc -> 
  custom:container-muxer-webm: aa71ff27fc2769a1b78a27578f13a17b -> 
  custom:container-demuxer-webm: 4f35f7cbe854078d1ac9338744f61a02 -> 
  custom:container-demuxer-ogg: 62fdf1f143b41e24485cea50d1cbac27 -> 
  custom:video-encoder-webm-vp8: eb34c28f22e8b96e1ab97ce403110664 -> 
  custom:video-codec-MediaFoundation-h265: 746d11721c4dcdbdad8f713fa42b33f4 -> 
  custom:video-decoder-webm-vp8: 9c59270c3fd7afecdb556c50c9e8de78 -> 
  custom:audio-decoder-ogg-vorbis: bf7c407c2cedff20999df2af8eb42d56 -> 
  custom:audio-encoder-webm-vorbis: bf7c407c2cedff20999df2af8eb42d56 -> 
========================================================================
Received Import Request.
  path: Assets/TestLoop120BPM.wav
  artifactKey: Guid(dac807b973d0a854ebb21bde60f9b9e2) Importer(815301076,1909f56bfc062723c751e8b465ee728b)
Start importing Assets/TestLoop120BPM.wav using Guid(dac807b973d0a854ebb21bde60f9b9e2) Importer(815301076,1909f56bfc062723c751e8b465ee728b)  -> (artifact id: '4e2d23724ab0bebf51fa2ea3e8c4618c') in 0.163032 seconds 
  Import took 0.172331 seconds .

========================================================================
Received Import Request.
  Time since last request: 0.000366 seconds.
  path: Assets/Sandboxes/Sandbox 1 - Player Controller/Temporary_Background.jpg
  artifactKey: Guid(ef1d1c23c092b734e8d40cb685c1bf1d) Importer(815301076,1909f56bfc062723c751e8b465ee728b)
Start importing Assets/Sandboxes/Sandbox 1 - Player Controller/Temporary_Background.jpg using Guid(ef1d1c23c092b734e8d40cb685c1bf1d) Importer(815301076,1909f56bfc062723c751e8b465ee728b)  -> (artifact id: '1d0ece829525b6e3207d593f1955d768') in 0.032144 seconds 
  Import took 0.038424 seconds .

========================================================================
Received Import Request.
  Time since last request: 0.000295 seconds.
  path: Assets/Sandboxes/Sandbox 1 - Player Controller
  artifactKey: Guid(6716fa1afc4312d429b1a3aba433bd50) Importer(815301076,1909f56bfc062723c751e8b465ee728b)
Start importing Assets/Sandboxes/Sandbox 1 - Player Controller using Guid(6716fa1afc4312d429b1a3aba433bd50) Importer(815301076,1909f56bfc062723c751e8b465ee728b)  -> (artifact id: '9743b5da6c038d53946129cba06a9796') in 0.007423 seconds 
  Import took 0.014309 seconds .

========================================================================
Received Import Request.
  Time since last request: 3.003628 seconds.
  path: Assets/Sandboxes/Sandbox 1 - Player Controller/Scenes
  artifactKey: Guid(bf9cd51b4ff03234aba2f5b82f067aa1) Importer(815301076,1909f56bfc062723c751e8b465ee728b)
Start importing Assets/Sandboxes/Sandbox 1 - Player Controller/Scenes using Guid(bf9cd51b4ff03234aba2f5b82f067aa1) Importer(815301076,1909f56bfc062723c751e8b465ee728b)  -> (artifact id: 'e12b6ce818056d6ffeaca11211c23d90') in 0.006784 seconds 
  Import took 0.011781 seconds .

========================================================================
Received Import Request.
  Time since last request: 3.180526 seconds.
  path: Assets/Sandboxes/Sandbox 1 - Player Controller/Materials
  artifactKey: Guid(3c6e29d35be7e35438a9a3a91e9e29f5) Importer(815301076,1909f56bfc062723c751e8b465ee728b)
Start importing Assets/Sandboxes/Sandbox 1 - Player Controller/Materials using Guid(3c6e29d35be7e35438a9a3a91e9e29f5) Importer(815301076,1909f56bfc062723c751e8b465ee728b)  -> (artifact id: '77adda4e8c48a78689f3775edf56c3d1') in 0.008429 seconds 
  Import took 0.013564 seconds .

========================================================================
Received Import Request.
  Time since last request: 0.041193 seconds.
  path: Assets/Sandboxes/Sandbox 1 - Player Controller/Materials/seamless-vector-pattern-hand-drawn-square-pixel-grid-geometric-tiny-mosaic-tile-background-abstract-hipster-tech-swatch-2C3XD05.mat
  artifactKey: Guid(8490fe70951b69a4eaf22284049e096e) Importer(815301076,1909f56bfc062723c751e8b465ee728b)
Start importing Assets/Sandboxes/Sandbox 1 - Player Controller/Materials/seamless-vector-pattern-hand-drawn-square-pixel-grid-geometric-tiny-mosaic-tile-background-abstract-hipster-tech-swatch-2C3XD05.mat using Guid(8490fe70951b69a4eaf22284049e096e) Importer(815301076,1909f56bfc062723c751e8b465ee728b)  -> (artifact id: '52dc295d809dbc5980318d9b76f0f15b') in 0.123123 seconds 
  Import took 0.128723 seconds .

========================================================================
Received Import Request.
  Time since last request: 0.000511 seconds.
  path: Assets/Sandboxes/Sandbox 1 - Player Controller/Materials/Temporary_Background.mat
  artifactKey: Guid(ac34b3498dc9c294fa6c2533ef014532) Importer(815301076,1909f56bfc062723c751e8b465ee728b)
Start importing Assets/Sandboxes/Sandbox 1 - Player Controller/Materials/Temporary_Background.mat using Guid(ac34b3498dc9c294fa6c2533ef014532) Importer(815301076,1909f56bfc062723c751e8b465ee728b)  -> (artifact id: '6d5ec44f0754c148a855dcb7a46a2b4b') in 0.016378 seconds 
  Import took 0.020612 seconds .

========================================================================
Received Import Request.
  Time since last request: 2.611511 seconds.
  path: Assets/Sandboxes/Sandbox 1 - Player Controller/Scripts
  artifactKey: Guid(5e7f51f9151c11643968bebc12c0bf4d) Importer(815301076,1909f56bfc062723c751e8b465ee728b)
Start importing Assets/Sandboxes/Sandbox 1 - Player Controller/Scripts using Guid(5e7f51f9151c11643968bebc12c0bf4d) Importer(815301076,1909f56bfc062723c751e8b465ee728b)  -> (artifact id: 'a13e131e912060b3b643f65ec14219c3') in 0.006545 seconds 
  Import took 0.012250 seconds .

========================================================================
Received Import Request.
  Time since last request: 3.052519 seconds.
  path: Assets/Sandboxes/Sandbox 1 - Player Controller/Scenes/S1 - Player Controller.unity
  artifactKey: Guid(465a1b1b1b1e58744b3d973f20bea51a) Importer(815301076,1909f56bfc062723c751e8b465ee728b)
Start importing Assets/Sandboxes/Sandbox 1 - Player Controller/Scenes/S1 - Player Controller.unity using Guid(465a1b1b1b1e58744b3d973f20bea51a) Importer(815301076,1909f56bfc062723c751e8b465ee728b)  -> (artifact id: '4884aa6a14b035151900ff40bc5b2742') in 0.007291 seconds 
  Import took 0.011814 seconds .

========================================================================
Received Import Request.
  Time since last request: 8.663874 seconds.
  path: Assets/Sandboxes/Sandbox 3 - World Map/Scenes
  artifactKey: Guid(74260e19b289e0f46b7dc23d6e443877) Importer(815301076,1909f56bfc062723c751e8b465ee728b)
Start importing Assets/Sandboxes/Sandbox 3 - World Map/Scenes using Guid(74260e19b289e0f46b7dc23d6e443877) Importer(815301076,1909f56bfc062723c751e8b465ee728b)  -> (artifact id: '49a806b6388315cfb99d361c139b37aa') in 0.002239 seconds 
  Import took 0.007580 seconds .

========================================================================
Received Prepare
Registering precompiled user dll's ...
Registered in 0.007672 seconds.
Begin MonoManager ReloadAssembly
Native extension for WindowsStandalone target not found
Native extension for WebGL target not found
Refreshing native plugins compatible for Editor in 1.01 ms, found 3 plugins.
Preloading 0 native plugins for Editor in 0.00 ms.
Mono: successfully reloaded assembly
- Completed reload, in  1.239 seconds
Domain Reload Profiling:
	ReloadAssembly (1240ms)
		BeginReloadAssembly (148ms)
			ExecutionOrderSort (0ms)
			DisableScriptedObjects (5ms)
			BackupInstance (0ms)
			ReleaseScriptingObjects (0ms)
			CreateAndSetChildDomain (38ms)
		EndReloadAssembly (1013ms)
			LoadAssemblies (124ms)
			RebuildTransferFunctionScriptingTraits (0ms)
			SetupTypeCache (416ms)
			ReleaseScriptCaches (2ms)
			RebuildScriptCaches (43ms)
			SetupLoadedEditorAssemblies (332ms)
				LogAssemblyErrors (0ms)
				InitializePlatformSupportModulesInManaged (6ms)
				SetLoadedEditorAssemblies (1ms)
				RefreshPlugins (1ms)
				BeforeProcessingInitializeOnLoad (113ms)
				ProcessInitializeOnLoadAttributes (198ms)
				ProcessInitializeOnLoadMethodAttributes (8ms)
				AfterProcessingInitializeOnLoad (5ms)
				EditorAssembliesLoaded (0ms)
			ExecutionOrderSort2 (0ms)
			AwakeInstancesAfterBackupRestoration (5ms)
Platform modules already initialized, skipping
Refreshing native plugins compatible for Editor in 0.91 ms, found 3 plugins.
Preloading 0 native plugins for Editor in 0.00 ms.
Unloading 3075 Unused Serialized files (Serialized files now loaded: 0)
System memory in use before: 112.9 MB.
System memory in use after: 113.1 MB.

Unloading 18 unused Assets to reduce memory usage. Loaded Objects now: 3555.
Total: 3.237900 ms (FindLiveObjects: 0.191900 ms CreateObjectMapping: 0.068900 ms MarkObjects: 2.932400 ms  DeleteObjects: 0.043400 ms)

AssetImportParameters requested are different than current active one (requested -> active):
  custom:framework-win-MediaFoundation: 216162199b28c13a410421893ffa2e32 -> 
  custom:video-decoder-ogg-theora: a1e56fd34408186e4bbccfd4996cb3dc -> 
  custom:container-muxer-webm: aa71ff27fc2769a1b78a27578f13a17b -> 
  custom:container-demuxer-webm: 4f35f7cbe854078d1ac9338744f61a02 -> 
  custom:container-demuxer-ogg: 62fdf1f143b41e24485cea50d1cbac27 -> 
  custom:video-encoder-webm-vp8: eb34c28f22e8b96e1ab97ce403110664 -> 
  custom:video-codec-MediaFoundation-h265: 746d11721c4dcdbdad8f713fa42b33f4 -> 
  custom:video-decoder-webm-vp8: 9c59270c3fd7afecdb556c50c9e8de78 -> 
  custom:audio-decoder-ogg-vorbis: bf7c407c2cedff20999df2af8eb42d56 -> 
  custom:audio-encoder-webm-vorbis: bf7c407c2cedff20999df2af8eb42d56 -> 
AssetImportWorkerClient::OnTransportError - code=2 error=End of file
